<?xml version="1.0" encoding="UTF-8"?>
<!-- Generated by org.testng.reporters.JUnitXMLReporter -->
<testsuite hostname="DESKTOP-B0F0DER" ignored="0" name="Surefire test" tests="6" failures="0" timestamp="08 May 2020 13:58:56 GMT" time="0.112" errors="0">
  <testcase name="Appium1" time="0.019" classname="Example.MavenExample.AppiumTest"/>
  <testcase name="Appium2" time="0.003" classname="Example.MavenExample.AppiumTest"/>
  <testcase name="Restapi1" time="0.0" classname="Example.MavenExample.RestapiTest"/>
  <testcase name="Restapi2" time="0.0" classname="Example.MavenExample.RestapiTest"/>
  <testcase name="selenium1" time="0.001" classname="Example.MavenExample.SeleniumTest"/>
  <testcase name="selenium2" time="0.001" classname="Example.MavenExample.SeleniumTest"/>
</testsuite> <!-- Surefire test -->
