<?xml version="1.0" encoding="UTF-8"?>
<!-- Generated by org.testng.reporters.JUnitXMLReporter -->
<testsuite ignored="0" hostname="DESKTOP-B0F0DER" failures="0" tests="6" name="Test" time="0.047" errors="0" timestamp="10 May 2020 11:38:24 GMT">
  <testcase classname="Example.MavenExample.SeleniumTest" name="selenium1" time="0.0"/>
  <testcase classname="Example.MavenExample.SeleniumTest" name="selenium2" time="0.0"/>
  <testcase classname="Example.MavenExample.AppiumTest" name="Appium1" time="0.0"/>
  <testcase classname="Example.MavenExample.AppiumTest" name="Appium2" time="0.0"/>
  <testcase classname="Example.MavenExample.RestapiTest" name="Restapi1" time="0.0"/>
  <testcase classname="Example.MavenExample.RestapiTest" name="Restapi2" time="0.0"/>
</testsuite> <!-- Test -->
