<?xml version="1.0" encoding="UTF-8"?>
<testng-results ignored="0" total="6" passed="6" failed="0" skipped="0">
  <reporter-output>
  </reporter-output>
  <suite started-at="2020-05-10T11:38:24Z" name="Suite" finished-at="2020-05-10T11:38:24Z" duration-ms="47">
    <groups>
    </groups>
    <test started-at="2020-05-10T11:38:24Z" name="Test" finished-at="2020-05-10T11:38:24Z" duration-ms="47">
      <class name="Example.MavenExample.AppiumTest">
        <test-method signature="Appium2()[pri:0, instance:Example.MavenExample.AppiumTest@56de5251]" started-at="2020-05-10T17:08:24Z" name="Appium2" finished-at="2020-05-10T17:08:24Z" duration-ms="0" status="PASS">
          <reporter-output>
          </reporter-output>
        </test-method> <!-- Appium2 -->
        <test-method signature="Appium1()[pri:0, instance:Example.MavenExample.AppiumTest@56de5251]" started-at="2020-05-10T17:08:24Z" name="Appium1" finished-at="2020-05-10T17:08:24Z" duration-ms="0" status="PASS">
          <reporter-output>
          </reporter-output>
        </test-method> <!-- Appium1 -->
      </class> <!-- Example.MavenExample.AppiumTest -->
      <class name="Example.MavenExample.RestapiTest">
        <test-method signature="Restapi1()[pri:0, instance:Example.MavenExample.RestapiTest@419c5f1a]" started-at="2020-05-10T17:08:24Z" name="Restapi1" finished-at="2020-05-10T17:08:24Z" duration-ms="0" status="PASS">
          <reporter-output>
          </reporter-output>
        </test-method> <!-- Restapi1 -->
        <test-method signature="Restapi2()[pri:0, instance:Example.MavenExample.RestapiTest@419c5f1a]" started-at="2020-05-10T17:08:24Z" name="Restapi2" finished-at="2020-05-10T17:08:24Z" duration-ms="0" status="PASS">
          <reporter-output>
          </reporter-output>
        </test-method> <!-- Restapi2 -->
      </class> <!-- Example.MavenExample.RestapiTest -->
      <class name="Example.MavenExample.SeleniumTest">
        <test-method signature="selenium1()[pri:0, instance:Example.MavenExample.SeleniumTest@4e91d63f]" started-at="2020-05-10T17:08:24Z" name="selenium1" finished-at="2020-05-10T17:08:24Z" duration-ms="0" status="PASS">
          <reporter-output>
          </reporter-output>
        </test-method> <!-- selenium1 -->
        <test-method signature="selenium2()[pri:0, instance:Example.MavenExample.SeleniumTest@4e91d63f]" started-at="2020-05-10T17:08:24Z" name="selenium2" finished-at="2020-05-10T17:08:24Z" duration-ms="0" status="PASS">
          <reporter-output>
          </reporter-output>
        </test-method> <!-- selenium2 -->
      </class> <!-- Example.MavenExample.SeleniumTest -->
    </test> <!-- Test -->
  </suite> <!-- Suite -->
</testng-results>
