<?xml version="1.0" encoding="UTF-8"?>
<testsuite xmlns:xsi="http://www.w3.org/2001/XMLSchema-instance" xsi:noNamespaceSchemaLocation="https://maven.apache.org/surefire/maven-surefire-plugin/xsd/surefire-test-report-3.0.xsd" version="3.0" name="TestSuite" time="1.344" tests="6" errors="0" skipped="0" failures="0">
  <properties>
[...]
</properties>
  <testcase name="selenium1" classname="Example.MavenExample.SeleniumTest" time="0.015"/>
  <testcase name="selenium2" classname="Example.MavenExample.SeleniumTest" time="0"/>
  <testcase name="Appium1" classname="Example.MavenExample.AppiumTest" time="0"/>
  <testcase name="Appium2" classname="Example.MavenExample.AppiumTest" time="0"/>
  <testcase name="Restapi1" classname="Example.MavenExample.RestapiTest" time="0"/>
  <testcase name="Restapi2" classname="Example.MavenExample.RestapiTest" time="0"/>
</testsuite>