<?xml version="1.0" encoding="UTF-8"?>
<testng-results skipped="0" failed="0" ignored="0" total="2" passed="2">
  <reporter-output>
  </reporter-output>
  <suite name="Default suite" duration-ms="63" started-at="2020-05-08T12:09:56Z" finished-at="2020-05-08T12:09:56Z">
    <groups>
    </groups>
    <test name="Default test" duration-ms="63" started-at="2020-05-08T12:09:56Z" finished-at="2020-05-08T12:09:56Z">
      <class name="Example.MavenExample.AppiumTest">
        <test-method status="PASS" signature="Appium1()[pri:0, instance:Example.MavenExample.AppiumTest@23d2a7e8]" name="Appium1" duration-ms="16" started-at="2020-05-08T17:39:56Z" finished-at="2020-05-08T17:39:56Z">
          <reporter-output>
          </reporter-output>
        </test-method> <!-- Appium1 -->
        <test-method status="PASS" signature="Appium2()[pri:0, instance:Example.MavenExample.AppiumTest@23d2a7e8]" name="Appium2" duration-ms="0" started-at="2020-05-08T17:39:56Z" finished-at="2020-05-08T17:39:56Z">
          <reporter-output>
          </reporter-output>
        </test-method> <!-- Appium2 -->
      </class> <!-- Example.MavenExample.AppiumTest -->
    </test> <!-- Default test -->
  </suite> <!-- Default suite -->
</testng-results>
